c:\projectsspeed\unigma\omnicidals\unigmanativedlls\unigmanative\unigmanative\x64\release\dllmain.obj
c:\projectsspeed\unigma\omnicidals\unigmanativedlls\unigmanative\unigmanative\x64\release\unigmanative.obj
c:\projectsspeed\unigma\omnicidals\unigmanativedlls\unigmanative\unigmanative\x64\release\unigmanative.pch
c:\projectsspeed\unigma\omnicidals\unigmanativedlls\unigmanative\unigmanative\x64\release\pch.obj
c:\projectsspeed\unigma\omnicidals\unigmanativedlls\unigmanative\x64\release\unigmanative.lib
c:\projectsspeed\unigma\omnicidals\unigmanativedlls\unigmanative\x64\release\unigmanative.pdb
c:\projectsspeed\unigma\omnicidals\unigmanativedlls\unigmanative\x64\release\unigmanative.dll
c:\projectsspeed\unigma\omnicidals\unigmanativedlls\unigmanative\unigmanative\x64\release\unigmanative.tlog\clang-cl.command.1.tlog
c:\projectsspeed\unigma\omnicidals\unigmanativedlls\unigmanative\unigmanative\x64\release\unigmanative.tlog\clang-cl.read.1.tlog
c:\projectsspeed\unigma\omnicidals\unigmanativedlls\unigmanative\unigmanative\x64\release\unigmanative.tlog\clang-cl.write.1.tlog
c:\projectsspeed\unigma\omnicidals\unigmanativedlls\unigmanative\unigmanative\x64\release\unigmanative.tlog\lld-link.command.1.tlog
c:\projectsspeed\unigma\omnicidals\unigmanativedlls\unigmanative\unigmanative\x64\release\unigmanative.tlog\lld-link.delete.1.tlog
c:\projectsspeed\unigma\omnicidals\unigmanativedlls\unigmanative\unigmanative\x64\release\unigmanative.tlog\lld-link.read.1.tlog
c:\projectsspeed\unigma\omnicidals\unigmanativedlls\unigmanative\unigmanative\x64\release\unigmanative.tlog\lld-link.read.10.tlog
c:\projectsspeed\unigma\omnicidals\unigmanativedlls\unigmanative\unigmanative\x64\release\unigmanative.tlog\lld-link.read.11.tlog
c:\projectsspeed\unigma\omnicidals\unigmanativedlls\unigmanative\unigmanative\x64\release\unigmanative.tlog\lld-link.read.12.tlog
c:\projectsspeed\unigma\omnicidals\unigmanativedlls\unigmanative\unigmanative\x64\release\unigmanative.tlog\lld-link.read.13.tlog
c:\projectsspeed\unigma\omnicidals\unigmanativedlls\unigmanative\unigmanative\x64\release\unigmanative.tlog\lld-link.read.2.tlog
c:\projectsspeed\unigma\omnicidals\unigmanativedlls\unigmanative\unigmanative\x64\release\unigmanative.tlog\lld-link.read.3.tlog
c:\projectsspeed\unigma\omnicidals\unigmanativedlls\unigmanative\unigmanative\x64\release\unigmanative.tlog\lld-link.read.4.tlog
c:\projectsspeed\unigma\omnicidals\unigmanativedlls\unigmanative\unigmanative\x64\release\unigmanative.tlog\lld-link.read.5.tlog
c:\projectsspeed\unigma\omnicidals\unigmanativedlls\unigmanative\unigmanative\x64\release\unigmanative.tlog\lld-link.read.6.tlog
c:\projectsspeed\unigma\omnicidals\unigmanativedlls\unigmanative\unigmanative\x64\release\unigmanative.tlog\lld-link.read.7.tlog
c:\projectsspeed\unigma\omnicidals\unigmanativedlls\unigmanative\unigmanative\x64\release\unigmanative.tlog\lld-link.read.8.tlog
c:\projectsspeed\unigma\omnicidals\unigmanativedlls\unigmanative\unigmanative\x64\release\unigmanative.tlog\lld-link.read.9.tlog
c:\projectsspeed\unigma\omnicidals\unigmanativedlls\unigmanative\unigmanative\x64\release\unigmanative.tlog\lld-link.write.1.tlog
c:\projectsspeed\unigma\omnicidals\unigmanativedlls\unigmanative\unigmanative\x64\release\unigmanative.tlog\unigmanative.write.1u.tlog
