c:\projectsspeed\unigma\unigmaenginegame\unigma2021\assets\unigmaengine\unigmanative\.unigmanativedll\unigmanative\unigmanative\x64\release\unigmaphysics.obj
c:\projectsspeed\unigma\unigmaenginegame\unigma2021\assets\unigmaengine\unigmanative\.unigmanativedll\unigmanative\unigmanative\x64\release\unigmanative.obj
c:\projectsspeed\unigma\unigmaenginegame\unigma2021\assets\unigmaengine\unigmanative\.unigmanativedll\unigmanative\unigmanative\x64\release\dllmain.obj
c:\projectsspeed\unigma\unigmaenginegame\unigma2021\assets\unigmaengine\unigmanative\.unigmanativedll\unigmanative\unigmanative\x64\release\debugwindowdesktop.obj
c:\projectsspeed\unigma\unigmaenginegame\unigma2021\assets\unigmaengine\unigmanative\.unigmanativedll\unigmanative\unigmanative\x64\release\unigmanative.pch
c:\projectsspeed\unigma\unigmaenginegame\unigma2021\assets\unigmaengine\unigmanative\.unigmanativedll\unigmanative\unigmanative\x64\release\pch.obj
c:\projectsspeed\unigma\unigmaenginegame\unigma2021\assets\unigmaengine\unigmanative\.unigmanativedll\unigmanative\unigmanative\x64\release\unigmanative.tlog\clang-cl.21352.write.1.tlog
c:\projectsspeed\unigma\unigmaenginegame\unigma2021\assets\unigmaengine\unigmanative\.unigmanativedll\unigmanative\unigmanative\x64\release\unigmanative.tlog\clang-cl.command.1.tlog
c:\projectsspeed\unigma\unigmaenginegame\unigma2021\assets\unigmaengine\unigmanative\.unigmanativedll\unigmanative\unigmanative\x64\release\unigmanative.tlog\clang-cl.read.1.tlog
c:\projectsspeed\unigma\unigmaenginegame\unigma2021\assets\unigmaengine\unigmanative\.unigmanativedll\unigmanative\unigmanative\x64\release\unigmanative.tlog\lld-link.command.1.tlog
c:\projectsspeed\unigma\unigmaenginegame\unigma2021\assets\unigmaengine\unigmanative\.unigmanativedll\unigmanative\unigmanative\x64\release\unigmanative.tlog\lld-link.read.1.tlog
c:\projectsspeed\unigma\unigmaenginegame\unigma2021\assets\unigmaengine\unigmanative\.unigmanativedll\unigmanative\unigmanative\x64\release\unigmanative.tlog\lld-link.read.10.tlog
c:\projectsspeed\unigma\unigmaenginegame\unigma2021\assets\unigmaengine\unigmanative\.unigmanativedll\unigmanative\unigmanative\x64\release\unigmanative.tlog\lld-link.read.11.tlog
c:\projectsspeed\unigma\unigmaenginegame\unigma2021\assets\unigmaengine\unigmanative\.unigmanativedll\unigmanative\unigmanative\x64\release\unigmanative.tlog\lld-link.read.12.tlog
c:\projectsspeed\unigma\unigmaenginegame\unigma2021\assets\unigmaengine\unigmanative\.unigmanativedll\unigmanative\unigmanative\x64\release\unigmanative.tlog\lld-link.read.13.tlog
c:\projectsspeed\unigma\unigmaenginegame\unigma2021\assets\unigmaengine\unigmanative\.unigmanativedll\unigmanative\unigmanative\x64\release\unigmanative.tlog\lld-link.read.14.tlog
c:\projectsspeed\unigma\unigmaenginegame\unigma2021\assets\unigmaengine\unigmanative\.unigmanativedll\unigmanative\unigmanative\x64\release\unigmanative.tlog\lld-link.read.15.tlog
c:\projectsspeed\unigma\unigmaenginegame\unigma2021\assets\unigmaengine\unigmanative\.unigmanativedll\unigmanative\unigmanative\x64\release\unigmanative.tlog\lld-link.read.16.tlog
c:\projectsspeed\unigma\unigmaenginegame\unigma2021\assets\unigmaengine\unigmanative\.unigmanativedll\unigmanative\unigmanative\x64\release\unigmanative.tlog\lld-link.read.17.tlog
c:\projectsspeed\unigma\unigmaenginegame\unigma2021\assets\unigmaengine\unigmanative\.unigmanativedll\unigmanative\unigmanative\x64\release\unigmanative.tlog\lld-link.read.18.tlog
c:\projectsspeed\unigma\unigmaenginegame\unigma2021\assets\unigmaengine\unigmanative\.unigmanativedll\unigmanative\unigmanative\x64\release\unigmanative.tlog\lld-link.read.2.tlog
c:\projectsspeed\unigma\unigmaenginegame\unigma2021\assets\unigmaengine\unigmanative\.unigmanativedll\unigmanative\unigmanative\x64\release\unigmanative.tlog\lld-link.read.3.tlog
c:\projectsspeed\unigma\unigmaenginegame\unigma2021\assets\unigmaengine\unigmanative\.unigmanativedll\unigmanative\unigmanative\x64\release\unigmanative.tlog\lld-link.read.4.tlog
c:\projectsspeed\unigma\unigmaenginegame\unigma2021\assets\unigmaengine\unigmanative\.unigmanativedll\unigmanative\unigmanative\x64\release\unigmanative.tlog\lld-link.read.5.tlog
c:\projectsspeed\unigma\unigmaenginegame\unigma2021\assets\unigmaengine\unigmanative\.unigmanativedll\unigmanative\unigmanative\x64\release\unigmanative.tlog\lld-link.read.6.tlog
c:\projectsspeed\unigma\unigmaenginegame\unigma2021\assets\unigmaengine\unigmanative\.unigmanativedll\unigmanative\unigmanative\x64\release\unigmanative.tlog\lld-link.read.7.tlog
c:\projectsspeed\unigma\unigmaenginegame\unigma2021\assets\unigmaengine\unigmanative\.unigmanativedll\unigmanative\unigmanative\x64\release\unigmanative.tlog\lld-link.read.8.tlog
c:\projectsspeed\unigma\unigmaenginegame\unigma2021\assets\unigmaengine\unigmanative\.unigmanativedll\unigmanative\unigmanative\x64\release\unigmanative.tlog\lld-link.read.9.tlog
c:\projectsspeed\unigma\unigmaenginegame\unigma2021\assets\unigmaengine\unigmanative\.unigmanativedll\unigmanative\unigmanative\x64\release\unigmanative.tlog\lld-link.write.1.tlog
