c:\projectsspeed\unigma\omnicidals\assets\unigmaengine\unigmanative\.unigmanativedll\unigmanative\unigmanative\x64\debug\unigmanative.pch
c:\projectsspeed\unigma\omnicidals\assets\unigmaengine\unigmanative\.unigmanativedll\unigmanative\unigmanative\x64\debug\vc143.pdb
c:\projectsspeed\unigma\omnicidals\assets\unigmaengine\unigmanative\.unigmanativedll\unigmanative\unigmanative\x64\debug\vc143.idb
c:\projectsspeed\unigma\omnicidals\assets\unigmaengine\unigmanative\.unigmanativedll\unigmanative\unigmanative\x64\debug\pch.obj
c:\projectsspeed\unigma\omnicidals\assets\unigmaengine\unigmanative\.unigmanativedll\unigmanative\unigmanative\x64\debug\unigmanative.obj
c:\projectsspeed\unigma\omnicidals\assets\unigmaengine\unigmanative\.unigmanativedll\unigmanative\unigmanative\x64\debug\dllmain.obj
c:\projectsspeed\unigma\omnicidals\assets\unigmaengine\unigmanative\.unigmanativedll\unigmanative\unigmanative\x64\debug\debugwindowdesktop.obj
c:\projectsspeed\unigma\omnicidals\assets\unigmaengine\unigmanative\.unigmanativedll\unigmanative\x64\debug\unigmanative.dll
c:\projectsspeed\unigma\omnicidals\assets\unigmaengine\unigmanative\.unigmanativedll\unigmanative\x64\debug\unigmanative.pdb
c:\projectsspeed\unigma\omnicidals\assets\unigmaengine\unigmanative\.unigmanativedll\unigmanative\x64\debug\unigmanative.lib
c:\projectsspeed\unigma\omnicidals\assets\unigmaengine\unigmanative\.unigmanativedll\unigmanative\x64\debug\unigmanative.exp
c:\projectsspeed\unigma\omnicidals\assets\unigmaengine\unigmanative\.unigmanativedll\unigmanative\unigmanative\x64\debug\unigmanative.ilk
c:\projectsspeed\unigma\omnicidals\assets\unigmaengine\unigmanative\.unigmanativedll\unigmanative\unigmanative\x64\debug\debugwindowdesktop.obj.meta
c:\projectsspeed\unigma\omnicidals\assets\unigmaengine\unigmanative\.unigmanativedll\unigmanative\unigmanative\x64\debug\dllmain.obj.meta
c:\projectsspeed\unigma\omnicidals\assets\unigmaengine\unigmanative\.unigmanativedll\unigmanative\unigmanative\x64\debug\pch.obj.meta
c:\projectsspeed\unigma\omnicidals\assets\unigmaengine\unigmanative\.unigmanativedll\unigmanative\unigmanative\x64\debug\unigmanative.build.cppclean.log.meta
c:\projectsspeed\unigma\omnicidals\assets\unigmaengine\unigmanative\.unigmanativedll\unigmanative\unigmanative\x64\debug\unigmanative.dll.recipe.meta
c:\projectsspeed\unigma\omnicidals\assets\unigmaengine\unigmanative\.unigmanativedll\unigmanative\unigmanative\x64\debug\unigmanative.ilk.meta
c:\projectsspeed\unigma\omnicidals\assets\unigmaengine\unigmanative\.unigmanativedll\unigmanative\unigmanative\x64\debug\unigmanative.log.meta
c:\projectsspeed\unigma\omnicidals\assets\unigmaengine\unigmanative\.unigmanativedll\unigmanative\unigmanative\x64\debug\unigmanative.obj.meta
c:\projectsspeed\unigma\omnicidals\assets\unigmaengine\unigmanative\.unigmanativedll\unigmanative\unigmanative\x64\debug\unigmanative.pch.meta
c:\projectsspeed\unigma\omnicidals\assets\unigmaengine\unigmanative\.unigmanativedll\unigmanative\unigmanative\x64\debug\unigmanative.tlog.meta
c:\projectsspeed\unigma\omnicidals\assets\unigmaengine\unigmanative\.unigmanativedll\unigmanative\unigmanative\x64\debug\unigmanative.vcxproj.filelistabsolute.txt.meta
c:\projectsspeed\unigma\omnicidals\assets\unigmaengine\unigmanative\.unigmanativedll\unigmanative\unigmanative\x64\debug\vc143.idb.meta
c:\projectsspeed\unigma\omnicidals\assets\unigmaengine\unigmanative\.unigmanativedll\unigmanative\unigmanative\x64\debug\vc143.pdb.meta
c:\projectsspeed\unigma\omnicidals\assets\unigmaengine\unigmanative\.unigmanativedll\unigmanative\unigmanative\x64\debug\unigmanative.tlog\cl.command.1.tlog.meta
c:\projectsspeed\unigma\omnicidals\assets\unigmaengine\unigmanative\.unigmanativedll\unigmanative\unigmanative\x64\debug\unigmanative.tlog\cl.items.tlog.meta
c:\projectsspeed\unigma\omnicidals\assets\unigmaengine\unigmanative\.unigmanativedll\unigmanative\unigmanative\x64\debug\unigmanative.tlog\cl.read.1.tlog.meta
c:\projectsspeed\unigma\omnicidals\assets\unigmaengine\unigmanative\.unigmanativedll\unigmanative\unigmanative\x64\debug\unigmanative.tlog\cl.write.1.tlog.meta
c:\projectsspeed\unigma\omnicidals\assets\unigmaengine\unigmanative\.unigmanativedll\unigmanative\unigmanative\x64\debug\unigmanative.tlog\link.command.1.tlog.meta
c:\projectsspeed\unigma\omnicidals\assets\unigmaengine\unigmanative\.unigmanativedll\unigmanative\unigmanative\x64\debug\unigmanative.tlog\link.read.1.tlog.meta
c:\projectsspeed\unigma\omnicidals\assets\unigmaengine\unigmanative\.unigmanativedll\unigmanative\unigmanative\x64\debug\unigmanative.tlog\link.secondary.1.tlog.meta
c:\projectsspeed\unigma\omnicidals\assets\unigmaengine\unigmanative\.unigmanativedll\unigmanative\unigmanative\x64\debug\unigmanative.tlog\link.write.1.tlog.meta
c:\projectsspeed\unigma\omnicidals\assets\unigmaengine\unigmanative\.unigmanativedll\unigmanative\unigmanative\x64\debug\unigmanative.tlog\unigmanative.lastbuildstate.meta
c:\projectsspeed\unigma\omnicidals\assets\unigmaengine\unigmanative\.unigmanativedll\unigmanative\unigmanative\x64\debug\unigmanative.tlog\cl.command.1.tlog
c:\projectsspeed\unigma\omnicidals\assets\unigmaengine\unigmanative\.unigmanativedll\unigmanative\unigmanative\x64\debug\unigmanative.tlog\cl.items.tlog
c:\projectsspeed\unigma\omnicidals\assets\unigmaengine\unigmanative\.unigmanativedll\unigmanative\unigmanative\x64\debug\unigmanative.tlog\cl.read.1.tlog
c:\projectsspeed\unigma\omnicidals\assets\unigmaengine\unigmanative\.unigmanativedll\unigmanative\unigmanative\x64\debug\unigmanative.tlog\cl.write.1.tlog
c:\projectsspeed\unigma\omnicidals\assets\unigmaengine\unigmanative\.unigmanativedll\unigmanative\unigmanative\x64\debug\unigmanative.tlog\link.command.1.tlog
c:\projectsspeed\unigma\omnicidals\assets\unigmaengine\unigmanative\.unigmanativedll\unigmanative\unigmanative\x64\debug\unigmanative.tlog\link.read.1.tlog
c:\projectsspeed\unigma\omnicidals\assets\unigmaengine\unigmanative\.unigmanativedll\unigmanative\unigmanative\x64\debug\unigmanative.tlog\link.secondary.1.tlog
c:\projectsspeed\unigma\omnicidals\assets\unigmaengine\unigmanative\.unigmanativedll\unigmanative\unigmanative\x64\debug\unigmanative.tlog\link.write.1.tlog
